<?xml version="1.0" encoding="UTF-8"?>
<testng-results skipped="0" failed="1" ignored="0" total="7" passed="6">
  <reporter-output>
  </reporter-output>
  <suite name="Default suite" duration-ms="39719" started-at="2022-12-16T06:23:03Z" finished-at="2022-12-16T06:23:43Z">
    <groups>
    </groups>
    <test name="Default test" duration-ms="39719" started-at="2022-12-16T06:23:03Z" finished-at="2022-12-16T06:23:43Z">
      <class name="org.test.TestNg1">
        <test-method status="PASS" signature="beforeclass()[pri:0, instance:org.test.TestNg1@77caeb3e]" name="beforeclass" is-config="true" duration-ms="7063" started-at="2022-12-16T11:53:03Z" finished-at="2022-12-16T11:53:10Z">
          <reporter-output>
          </reporter-output>
        </test-method> <!-- beforeclass -->
        <test-method status="PASS" signature="Beforemethod()[pri:0, instance:org.test.TestNg1@77caeb3e]" name="Beforemethod" is-config="true" duration-ms="7" started-at="2022-12-16T11:53:10Z" finished-at="2022-12-16T11:53:10Z">
          <reporter-output>
          </reporter-output>
        </test-method> <!-- Beforemethod -->
        <test-method status="PASS" signature="Test1(java.lang.String, java.lang.String)[pri:0, instance:org.test.TestNg1@77caeb3e]" name="Test1" duration-ms="1109" started-at="2022-12-16T11:53:10Z" data-provider="login" finished-at="2022-12-16T11:53:11Z">
          <params>
            <param index="0">
              <value>
                <![CDATA[sandy]]>
              </value>
            </param>
            <param index="1">
              <value>
                <![CDATA[9898]]>
              </value>
            </param>
          </params>
          <reporter-output>
          </reporter-output>
        </test-method> <!-- Test1 -->
        <test-method status="PASS" signature="AfterMethod()[pri:0, instance:org.test.TestNg1@77caeb3e]" name="AfterMethod" is-config="true" duration-ms="1" started-at="2022-12-16T11:53:11Z" finished-at="2022-12-16T11:53:11Z">
          <reporter-output>
          </reporter-output>
        </test-method> <!-- AfterMethod -->
        <test-method status="PASS" signature="Test1(java.lang.String, java.lang.String)[pri:0, instance:org.test.TestNg1@77caeb3e]" name="Test1" duration-ms="2861" started-at="2022-12-16T11:53:11Z" data-provider="login" finished-at="2022-12-16T11:53:14Z">
          <params>
            <param index="0">
              <value>
                <![CDATA[sandydilip]]>
              </value>
            </param>
            <param index="1">
              <value>
                <![CDATA[sandeepvijay]]>
              </value>
            </param>
          </params>
          <reporter-output>
          </reporter-output>
        </test-method> <!-- Test1 -->
        <test-method status="PASS" signature="Beforemethod()[pri:0, instance:org.test.TestNg1@77caeb3e]" name="Beforemethod" is-config="true" duration-ms="0" started-at="2022-12-16T11:53:11Z" finished-at="2022-12-16T11:53:11Z">
          <reporter-output>
          </reporter-output>
        </test-method> <!-- Beforemethod -->
        <test-method status="PASS" signature="AfterMethod()[pri:0, instance:org.test.TestNg1@77caeb3e]" name="AfterMethod" is-config="true" duration-ms="1" started-at="2022-12-16T11:53:14Z" finished-at="2022-12-16T11:53:14Z">
          <reporter-output>
          </reporter-output>
        </test-method> <!-- AfterMethod -->
        <test-method status="PASS" signature="Test1(java.lang.String, java.lang.String)[pri:0, instance:org.test.TestNg1@77caeb3e]" name="Test1" duration-ms="1045" started-at="2022-12-16T11:53:14Z" data-provider="login" finished-at="2022-12-16T11:53:15Z">
          <params>
            <param index="0">
              <value>
                <![CDATA[ram]]>
              </value>
            </param>
            <param index="1">
              <value>
                <![CDATA[9897]]>
              </value>
            </param>
          </params>
          <reporter-output>
          </reporter-output>
        </test-method> <!-- Test1 -->
        <test-method status="PASS" signature="Beforemethod()[pri:0, instance:org.test.TestNg1@77caeb3e]" name="Beforemethod" is-config="true" duration-ms="0" started-at="2022-12-16T11:53:14Z" finished-at="2022-12-16T11:53:14Z">
          <reporter-output>
          </reporter-output>
        </test-method> <!-- Beforemethod -->
        <test-method status="PASS" signature="AfterMethod()[pri:0, instance:org.test.TestNg1@77caeb3e]" name="AfterMethod" is-config="true" duration-ms="1" started-at="2022-12-16T11:53:15Z" finished-at="2022-12-16T11:53:15Z">
          <reporter-output>
          </reporter-output>
        </test-method> <!-- AfterMethod -->
        <test-method status="PASS" signature="Beforemethod()[pri:0, instance:org.test.TestNg1@77caeb3e]" name="Beforemethod" is-config="true" duration-ms="4" started-at="2022-12-16T11:53:15Z" finished-at="2022-12-16T11:53:15Z">
          <reporter-output>
          </reporter-output>
        </test-method> <!-- Beforemethod -->
        <test-method status="PASS" signature="Test1(java.lang.String, java.lang.String)[pri:0, instance:org.test.TestNg1@77caeb3e]" name="Test1" duration-ms="1488" started-at="2022-12-16T11:53:15Z" data-provider="login" finished-at="2022-12-16T11:53:17Z">
          <params>
            <param index="0">
              <value>
                <![CDATA[perusudavam]]>
              </value>
            </param>
            <param index="1">
              <value>
                <![CDATA[010101]]>
              </value>
            </param>
          </params>
          <reporter-output>
          </reporter-output>
        </test-method> <!-- Test1 -->
        <test-method status="PASS" signature="AfterMethod()[pri:0, instance:org.test.TestNg1@77caeb3e]" name="AfterMethod" is-config="true" duration-ms="0" started-at="2022-12-16T11:53:17Z" finished-at="2022-12-16T11:53:17Z">
          <reporter-output>
          </reporter-output>
        </test-method> <!-- AfterMethod -->
        <test-method status="PASS" signature="Beforemethod()[pri:0, instance:org.test.TestNg1@77caeb3e]" name="Beforemethod" is-config="true" duration-ms="1" started-at="2022-12-16T11:53:17Z" finished-at="2022-12-16T11:53:17Z">
          <reporter-output>
          </reporter-output>
        </test-method> <!-- Beforemethod -->
        <test-method status="PASS" signature="Test2()[pri:0, instance:org.test.TestNg1@77caeb3e]" name="Test2" duration-ms="2199" started-at="2022-12-16T11:53:17Z" finished-at="2022-12-16T11:53:19Z">
          <reporter-output>
          </reporter-output>
        </test-method> <!-- Test2 -->
        <test-method status="PASS" signature="AfterMethod()[pri:0, instance:org.test.TestNg1@77caeb3e]" name="AfterMethod" is-config="true" duration-ms="0" started-at="2022-12-16T11:53:19Z" finished-at="2022-12-16T11:53:19Z">
          <reporter-output>
          </reporter-output>
        </test-method> <!-- AfterMethod -->
        <test-method status="PASS" signature="Test3()[pri:0, instance:org.test.TestNg1@77caeb3e]" name="Test3" duration-ms="790" started-at="2022-12-16T11:53:19Z" finished-at="2022-12-16T11:53:20Z">
          <reporter-output>
          </reporter-output>
        </test-method> <!-- Test3 -->
        <test-method status="PASS" signature="Beforemethod()[pri:0, instance:org.test.TestNg1@77caeb3e]" name="Beforemethod" is-config="true" duration-ms="0" started-at="2022-12-16T11:53:19Z" finished-at="2022-12-16T11:53:19Z">
          <reporter-output>
          </reporter-output>
        </test-method> <!-- Beforemethod -->
        <test-method status="PASS" signature="AfterMethod()[pri:0, instance:org.test.TestNg1@77caeb3e]" name="AfterMethod" is-config="true" duration-ms="0" started-at="2022-12-16T11:53:20Z" finished-at="2022-12-16T11:53:20Z">
          <reporter-output>
          </reporter-output>
        </test-method> <!-- AfterMethod -->
        <test-method status="PASS" signature="Beforemethod()[pri:0, instance:org.test.TestNg1@77caeb3e]" name="Beforemethod" is-config="true" duration-ms="0" started-at="2022-12-16T11:53:20Z" finished-at="2022-12-16T11:53:20Z">
          <reporter-output>
          </reporter-output>
        </test-method> <!-- Beforemethod -->
        <test-method status="FAIL" signature="Test4()[pri:0, instance:org.test.TestNg1@77caeb3e]" name="Test4" duration-ms="22502" started-at="2022-12-16T11:53:20Z" finished-at="2022-12-16T11:53:42Z">
          <exception class="org.openqa.selenium.WebDriverException">
            <message>
              <![CDATA[target frame detached
  (failed to check if window was closed: disconnected: unable to connect to renderer)
  (Session info: chrome=108.0.5359.125)
Build info: version: '3.141.59', revision: 'e82be7d358', time: '2018-11-14T08:17:03'
System info: host: 'DESKTOP-JIHM6HD', ip: '192.168.0.137', os.name: 'Windows 10', os.arch: 'amd64', os.version: '10.0', java.version: '1.8.0_341'
Driver info: org.openqa.selenium.chrome.ChromeDriver
Capabilities {acceptInsecureCerts: false, browserName: chrome, browserVersion: 108.0.5359.125, chrome: {chromedriverVersion: 108.0.5359.71 (1e0e3868ee06..., userDataDir: C:\Users\dell\AppData\Local...}, goog:chromeOptions: {debuggerAddress: localhost:64341}, javascriptEnabled: true, networkConnectionEnabled: false, pageLoadStrategy: normal, platform: WINDOWS, platformName: WINDOWS, proxy: Proxy(), setWindowRect: true, strictFileInteractability: false, timeouts: {implicit: 0, pageLoad: 300000, script: 30000}, unhandledPromptBehavior: dismiss and notify, webauthn:extension:credBlob: true, webauthn:extension:largeBlob: true, webauthn:virtualAuthenticators: true}
Session ID: 657cb89580a2e9eca548924e4b2555de
*** Element info: {Using=id, value=order_no}]]>
            </message>
            <full-stacktrace>
              <![CDATA[org.openqa.selenium.WebDriverException: target frame detached
  (failed to check if window was closed: disconnected: unable to connect to renderer)
  (Session info: chrome=108.0.5359.125)
Build info: version: '3.141.59', revision: 'e82be7d358', time: '2018-11-14T08:17:03'
System info: host: 'DESKTOP-JIHM6HD', ip: '192.168.0.137', os.name: 'Windows 10', os.arch: 'amd64', os.version: '10.0', java.version: '1.8.0_341'
Driver info: org.openqa.selenium.chrome.ChromeDriver
Capabilities {acceptInsecureCerts: false, browserName: chrome, browserVersion: 108.0.5359.125, chrome: {chromedriverVersion: 108.0.5359.71 (1e0e3868ee06..., userDataDir: C:\Users\dell\AppData\Local...}, goog:chromeOptions: {debuggerAddress: localhost:64341}, javascriptEnabled: true, networkConnectionEnabled: false, pageLoadStrategy: normal, platform: WINDOWS, platformName: WINDOWS, proxy: Proxy(), setWindowRect: true, strictFileInteractability: false, timeouts: {implicit: 0, pageLoad: 300000, script: 30000}, unhandledPromptBehavior: dismiss and notify, webauthn:extension:credBlob: true, webauthn:extension:largeBlob: true, webauthn:virtualAuthenticators: true}
Session ID: 657cb89580a2e9eca548924e4b2555de
*** Element info: {Using=id, value=order_no}
	at sun.reflect.NativeConstructorAccessorImpl.newInstance0(Native Method)
	at sun.reflect.NativeConstructorAccessorImpl.newInstance(Unknown Source)
	at sun.reflect.DelegatingConstructorAccessorImpl.newInstance(Unknown Source)
	at java.lang.reflect.Constructor.newInstance(Unknown Source)
	at org.openqa.selenium.remote.http.W3CHttpResponseCodec.createException(W3CHttpResponseCodec.java:187)
	at org.openqa.selenium.remote.http.W3CHttpResponseCodec.decode(W3CHttpResponseCodec.java:122)
	at org.openqa.selenium.remote.http.W3CHttpResponseCodec.decode(W3CHttpResponseCodec.java:49)
	at org.openqa.selenium.remote.HttpCommandExecutor.execute(HttpCommandExecutor.java:158)
	at org.openqa.selenium.remote.service.DriverCommandExecutor.execute(DriverCommandExecutor.java:83)
	at org.openqa.selenium.remote.RemoteWebDriver.execute(RemoteWebDriver.java:552)
	at org.openqa.selenium.remote.RemoteWebDriver.findElement(RemoteWebDriver.java:323)
	at org.openqa.selenium.remote.RemoteWebDriver.findElementById(RemoteWebDriver.java:372)
	at org.openqa.selenium.By$ById.findElement(By.java:188)
	at org.openqa.selenium.remote.RemoteWebDriver.findElement(RemoteWebDriver.java:315)
	at org.openqa.selenium.support.pagefactory.DefaultElementLocator.findElement(DefaultElementLocator.java:69)
	at org.openqa.selenium.support.pagefactory.internal.LocatingElementHandler.invoke(LocatingElementHandler.java:38)
	at com.sun.proxy.$Proxy12.getAttribute(Unknown Source)
	at org.test.BaseClass.getAttribute(BaseClass.java:105)
	at org.test.TestNg1.Test4(TestNg1.java:125)
	at sun.reflect.NativeMethodAccessorImpl.invoke0(Native Method)
	at sun.reflect.NativeMethodAccessorImpl.invoke(Unknown Source)
	at sun.reflect.DelegatingMethodAccessorImpl.invoke(Unknown Source)
	at java.lang.reflect.Method.invoke(Unknown Source)
	at org.testng.internal.MethodInvocationHelper.invokeMethod(MethodInvocationHelper.java:104)
	at org.testng.internal.Invoker.invokeMethod(Invoker.java:645)
	at org.testng.internal.Invoker.invokeTestMethod(Invoker.java:851)
	at org.testng.internal.Invoker.invokeTestMethods(Invoker.java:1177)
	at org.testng.internal.TestMethodWorker.invokeTestMethods(TestMethodWorker.java:129)
	at org.testng.internal.TestMethodWorker.run(TestMethodWorker.java:112)
	at org.testng.TestRunner.privateRun(TestRunner.java:756)
	at org.testng.TestRunner.run(TestRunner.java:610)
	at org.testng.SuiteRunner.runTest(SuiteRunner.java:387)
	at org.testng.SuiteRunner.runSequentially(SuiteRunner.java:382)
	at org.testng.SuiteRunner.privateRun(SuiteRunner.java:340)
	at org.testng.SuiteRunner.run(SuiteRunner.java:289)
	at org.testng.SuiteRunnerWorker.runSuite(SuiteRunnerWorker.java:52)
	at org.testng.SuiteRunnerWorker.run(SuiteRunnerWorker.java:86)
	at org.testng.TestNG.runSuitesSequentially(TestNG.java:1293)
	at org.testng.TestNG.runSuitesLocally(TestNG.java:1218)
	at org.testng.TestNG.runSuites(TestNG.java:1133)
	at org.testng.TestNG.run(TestNG.java:1104)
	at org.testng.remote.AbstractRemoteTestNG.run(AbstractRemoteTestNG.java:114)
	at org.testng.remote.RemoteTestNG.initAndRun(RemoteTestNG.java:251)
	at org.testng.remote.RemoteTestNG.main(RemoteTestNG.java:77)
]]>
            </full-stacktrace>
          </exception> <!-- org.openqa.selenium.WebDriverException -->
          <reporter-output>
          </reporter-output>
        </test-method> <!-- Test4 -->
        <test-method status="PASS" signature="AfterMethod()[pri:0, instance:org.test.TestNg1@77caeb3e]" name="AfterMethod" is-config="true" duration-ms="0" started-at="2022-12-16T11:53:42Z" finished-at="2022-12-16T11:53:42Z">
          <reporter-output>
          </reporter-output>
        </test-method> <!-- AfterMethod -->
        <test-method status="PASS" signature="afterClass()[pri:0, instance:org.test.TestNg1@77caeb3e]" name="afterClass" is-config="true" duration-ms="578" started-at="2022-12-16T11:53:42Z" finished-at="2022-12-16T11:53:43Z">
          <reporter-output>
          </reporter-output>
        </test-method> <!-- afterClass -->
      </class> <!-- org.test.TestNg1 -->
    </test> <!-- Default test -->
  </suite> <!-- Default suite -->
</testng-results>
