<?xml version="1.0" encoding="UTF-8"?>
<!-- Generated by org.testng.reporters.JUnitReportReporter -->
<testsuite hostname="DESKTOP-JIHM6HD" name="org.test.group" tests="4" failures="0" timestamp="16 Dec 2022 05:21:43 GMT" time="0.016" errors="0">
  <testcase name="Test1" time="0.016" classname="org.test.group"/>
  <testcase name="Test5" time="0.000" classname="org.test.group"/>
  <testcase name="Test2" time="0.000" classname="org.test.group"/>
  <testcase name="Test4" time="0.000" classname="org.test.group"/>
</testsuite> <!-- org.test.group -->
